[RAW INPUT] Array
(
    [patient_id] => 496
    [first_name] => Ivan Lee
    [last_name] => Almadrones
    [middle_name] => A
    [extension] => 
    [birthplace] => Lugui
    [date_of_birth] => 2004-10-21
    [address] => 7, Santol, Balagtas, Bulacan, Region III (Central Luzon)
    [civil_status] => Married
    [contact_number] => 09234567902
    [religion] => Roman Catholic
    [occupation] => Vendor
    [educational_attainment] => Primary Education
    [birth_weight] => 9
    [philhealth_member_no] => PH201112
    [category] => NHTS
    [family_serial_no] => 202
    [sex] => Female
    [fourps_status] => No
)

[PATIENT_ID] 496
[USER_ID] 2
[SUCCESS] Patient found, updating...
[PARAMS] Array
(
    [first_name] => Ivan Lee
    [last_name] => Almadrones
    [middle_name] => A
    [extension] => 
    [birthplace] => Lugui
    [date_of_birth] => 2004-10-21
    [address] => 7, Santol, Balagtas, Bulacan, Region III (Central Luzon)
    [civil_status] => Married
    [contact_number] => 09234567902
    [religion] => Roman Catholic
    [occupation] => Vendor
    [educational_attainment] => Primary Education
    [birth_weight] => 9
    [philhealth_member_no] => PH201112
    [category] => NHTS
    [family_serial_no] => 202
    [sex] => Female
    [fourps_status] => No
    [patient_id] => 496
)

[ROWS_AFFECTED] 1
[COMMIT] Success!
[RAW INPUT] Array
(
    [patient_id] => 496
    [first_name] => Ivan Lee
    [last_name] => Almadrones
    [middle_name] => Almaida
    [extension] => 
    [birthplace] => Lugui
    [date_of_birth] => 2004-10-21
    [address] => 
    [civil_status] => Married
    [contact_number] => 09234567902
    [religion] => Roman Catholic
    [occupation] => Vendor
    [educational_attainment] => Primary Education
    [birth_weight] => 9
    [philhealth_member_no] => PH201112
    [category] => NHTS
    [family_serial_no] => 202
    [sex] => Female
    [fourps_status] => No
)

[ERROR] Missing required fields: address | Input: Array
(
    [patient_id] => 496
    [first_name] => Ivan Lee
    [last_name] => Almadrones
    [middle_name] => Almaida
    [extension] => 
    [birthplace] => Lugui
    [date_of_birth] => 2004-10-21
    [address] => 
    [civil_status] => Married
    [contact_number] => 09234567902
    [religion] => Roman Catholic
    [occupation] => Vendor
    [educational_attainment] => Primary Education
    [birth_weight] => 9
    [philhealth_member_no] => PH201112
    [category] => NHTS
    [family_serial_no] => 202
    [sex] => Female
    [fourps_status] => No
)

[RAW INPUT] Array
(
    [patient_id] => 2
    [first_name] => Josh Maria
    [last_name] => Mago
    [middle_name] => S
    [extension] => 
    [birthplace] => Labo, Camarines Norte
    [date_of_birth] => 2005-10-12
    [address] => 9, Select Barangay, Select Municipality/City, Select Province, Select Region
    [civil_status] => Separated
    [contact_number] => 09182345678
    [religion] => Aglipayan
    [occupation] => Teacher
    [educational_attainment] => 
    [birth_weight] => 3
    [philhealth_member_no] => PH1234567891
    [category] => Private
    [family_serial_no] => 1002
    [sex] => Female
    [fourps_status] => Yes
)

[PATIENT_ID] 2
[USER_ID] 2
[SUCCESS] Patient found, updating...
[PARAMS] Array
(
    [first_name] => Josh Maria
    [last_name] => Mago
    [middle_name] => S
    [extension] => 
    [birthplace] => Labo, Camarines Norte
    [date_of_birth] => 2005-10-12
    [address] => 9, Select Barangay, Select Municipality/City, Select Province, Select Region
    [civil_status] => Separated
    [contact_number] => 09182345678
    [religion] => Aglipayan
    [occupation] => Teacher
    [educational_attainment] => 
    [birth_weight] => 3
    [philhealth_member_no] => PH1234567891
    [category] => Private
    [family_serial_no] => 1002
    [sex] => Female
    [fourps_status] => Yes
    [patient_id] => 2
)

[ROWS_AFFECTED] 1
[COMMIT] Success!
[RAW INPUT] Array
(
    [patient_id] => 421
    [first_name] => Marianne
    [last_name] => Cruz
    [middle_name] => T
    [extension] => 
    [birthplace] => Labo, Camarines Norte
    [date_of_birth] => 2001-10-17
    [address] => Purok 3, Balukbahan, Bayog, Zamboanga del Sur, Region IX (Zamboanga Peninsula)
    [civil_status] => Separated
    [contact_number] => 09123456003
    [religion] => Assemblies of God
    [occupation] => Farmer
    [educational_attainment] => 
    [birth_weight] => 3
    [philhealth_member_no] => PH300203
    [category] => LGU
    [family_serial_no] => 9503
    [sex] => Female
    [fourps_status] => No
)

[PATIENT_ID] 421
[USER_ID] 3
[SUCCESS] Patient found, updating...
[PARAMS] Array
(
    [first_name] => Marianne
    [last_name] => Cruz
    [middle_name] => T
    [extension] => 
    [birthplace] => Labo, Camarines Norte
    [date_of_birth] => 2001-10-17
    [address] => Purok 3, Balukbahan, Bayog, Zamboanga del Sur, Region IX (Zamboanga Peninsula)
    [civil_status] => Separated
    [contact_number] => 09123456003
    [religion] => Assemblies of God
    [occupation] => Farmer
    [educational_attainment] => 
    [birth_weight] => 3
    [philhealth_member_no] => PH300203
    [category] => LGU
    [family_serial_no] => 9503
    [sex] => Female
    [fourps_status] => No
    [patient_id] => 421
)

[ROWS_AFFECTED] 1
[COMMIT] Success!
[RAW INPUT] Array
(
    [patient_id] => 421
    [first_name] => Marianne
    [last_name] => Cruz
    [middle_name] => T
    [extension] => 
    [birthplace] => Labo, Camarines Norte
    [date_of_birth] => 2001-10-17
    [address] => 
    [civil_status] => Separated
    [contact_number] => 09123456003
    [religion] => Assemblies of God
    [occupation] => Farmer
    [educational_attainment] => Tertiary Education
    [birth_weight] => 3
    [philhealth_member_no] => PH300203
    [category] => LGU
    [family_serial_no] => 9503
    [sex] => Female
    [fourps_status] => No
)

[ERROR] Missing required fields: address | Input: Array
(
    [patient_id] => 421
    [first_name] => Marianne
    [last_name] => Cruz
    [middle_name] => T
    [extension] => 
    [birthplace] => Labo, Camarines Norte
    [date_of_birth] => 2001-10-17
    [address] => 
    [civil_status] => Separated
    [contact_number] => 09123456003
    [religion] => Assemblies of God
    [occupation] => Farmer
    [educational_attainment] => Tertiary Education
    [birth_weight] => 3
    [philhealth_member_no] => PH300203
    [category] => LGU
    [family_serial_no] => 9503
    [sex] => Female
    [fourps_status] => No
)

[RAW INPUT] Array
(
    [patient_id] => 421
    [first_name] => Marianne
    [last_name] => Cruz
    [middle_name] => T
    [extension] => 
    [birthplace] => Labo, Camarines Norte
    [date_of_birth] => 2001-10-17
    [address] => 
    [civil_status] => Separated
    [contact_number] => 09123456003
    [religion] => Assemblies of God
    [occupation] => Farmer
    [educational_attainment] => 
    [birth_weight] => 3
    [philhealth_member_no] => PH300203
    [category] => LGU
    [family_serial_no] => 9503
    [sex] => Female
    [fourps_status] => No
)

[ERROR] Missing required fields: address | Input: Array
(
    [patient_id] => 421
    [first_name] => Marianne
    [last_name] => Cruz
    [middle_name] => T
    [extension] => 
    [birthplace] => Labo, Camarines Norte
    [date_of_birth] => 2001-10-17
    [address] => 
    [civil_status] => Separated
    [contact_number] => 09123456003
    [religion] => Assemblies of God
    [occupation] => Farmer
    [educational_attainment] => 
    [birth_weight] => 3
    [philhealth_member_no] => PH300203
    [category] => LGU
    [family_serial_no] => 9503
    [sex] => Female
    [fourps_status] => No
)

[RAW INPUT] Array
(
    [patient_id] => 421
    [first_name] => Marianne
    [last_name] => Cruz
    [middle_name] => T
    [extension] => 
    [birthplace] => Labo, Camarines Norte
    [date_of_birth] => 2001-10-17
    [address] => 
    [civil_status] => Separated
    [contact_number] => 09123456003
    [religion] => Assemblies of God
    [occupation] => Farmer
    [educational_attainment] => 
    [birth_weight] => 3
    [philhealth_member_no] => PH300203
    [category] => LGU
    [family_serial_no] => 9503
    [sex] => Female
    [fourps_status] => No
)

[ERROR] Missing required fields: address | Input: Array
(
    [patient_id] => 421
    [first_name] => Marianne
    [last_name] => Cruz
    [middle_name] => T
    [extension] => 
    [birthplace] => Labo, Camarines Norte
    [date_of_birth] => 2001-10-17
    [address] => 
    [civil_status] => Separated
    [contact_number] => 09123456003
    [religion] => Assemblies of God
    [occupation] => Farmer
    [educational_attainment] => 
    [birth_weight] => 3
    [philhealth_member_no] => PH300203
    [category] => LGU
    [family_serial_no] => 9503
    [sex] => Female
    [fourps_status] => No
)

[RAW INPUT] Array
(
    [patient_id] => 421
    [first_name] => Marianne
    [last_name] => Cruz
    [middle_name] => T
    [extension] => 
    [birthplace] => Labo, Camarines Norte
    [date_of_birth] => 2001-10-17
    [address] => Purok 3, Bucot, Aliaga, Nueva Ecija, Region III (Central Luzon)
    [civil_status] => Separated
    [contact_number] => 09123456003
    [religion] => Assemblies of God
    [occupation] => Farmer
    [educational_attainment] => Postgraduate
    [birth_weight] => 3
    [philhealth_member_no] => PH300203
    [category] => LGU
    [family_serial_no] => 9503
    [sex] => Female
    [fourps_status] => No
)

[PATIENT_ID] 421
[USER_ID] 3
[SUCCESS] Patient found, updating...
[PARAMS] Array
(
    [first_name] => Marianne
    [last_name] => Cruz
    [middle_name] => T
    [extension] => 
    [birthplace] => Labo, Camarines Norte
    [date_of_birth] => 2001-10-17
    [address] => Purok 3, Bucot, Aliaga, Nueva Ecija, Region III (Central Luzon)
    [civil_status] => Separated
    [contact_number] => 09123456003
    [religion] => Assemblies of God
    [occupation] => Farmer
    [educational_attainment] => Postgraduate
    [birth_weight] => 3
    [philhealth_member_no] => PH300203
    [category] => LGU
    [family_serial_no] => 9503
    [sex] => Female
    [fourps_status] => No
    [patient_id] => 421
)

[ROWS_AFFECTED] 1
[COMMIT] Success!
[RAW INPUT] Array
(
    [patient_id] => 199
    [first_name] => Maria
    [last_name] => Reyes
    [middle_name] => G
    [extension] => 
    [birthplace] => Labo, Camarines Norte
    [date_of_birth] => 1965-04-22
    [address] => 
    [civil_status] => Widowed
    [contact_number] => 09234567902
    [religion] => Iglesia ni Cristo
    [occupation] => Vendor
    [educational_attainment] => Primary Education
    [birth_weight] => 10
    [philhealth_member_no] => PH201112
    [category] => NHTS
    [family_serial_no] => 202
    [sex] => Male
    [fourps_status] => No
)

[ERROR] Missing required fields: address | Input: Array
(
    [patient_id] => 199
    [first_name] => Maria
    [last_name] => Reyes
    [middle_name] => G
    [extension] => 
    [birthplace] => Labo, Camarines Norte
    [date_of_birth] => 1965-04-22
    [address] => 
    [civil_status] => Widowed
    [contact_number] => 09234567902
    [religion] => Iglesia ni Cristo
    [occupation] => Vendor
    [educational_attainment] => Primary Education
    [birth_weight] => 10
    [philhealth_member_no] => PH201112
    [category] => NHTS
    [family_serial_no] => 202
    [sex] => Male
    [fourps_status] => No
)

